Build started 9/9/2015 7:22:23 PM.
     1>Project "C:\Projects\BaseballCatcher\BaseballCatcher.vcxproj" on node 2 (Build target(s)).
     1>ClCompile:
         C:\Program Files (x86)\Microsoft Visual Studio 12.0\VC\bin\CL.exe /c /I"C:\Program Files\OpenCV 3.0\build\include" /I"C:\Program Files\Point Grey Research\FlyCapture2\include" /ZI /nologo /W3 /WX- /sdl /Od /Oy- /D WIN32 /D _WINDOWS /D _DEBUG /D _UNICODE /D UNICODE /D _AFXDLL /Gm /EHsc /RTC1 /MDd /GS /fp:precise /Zc:wchar_t /Zc:forScope /Yu"stdafx.h" /Fp"Debug\BaseballCatcher.pch" /Fo"Debug\\" /Fd"Debug\vc120.pdb" /Gd /TP /analyze- /errorReport:prompt BaseballCatcher.cpp BaseballCatcherDlg.cpp HardWare.cpp RoboteqWrapper.cpp
         BaseballCatcher.cpp
         Generating Code...
         Compiling...
         RoboteqWrapper.cpp
         HardWare.cpp
         BaseballCatcherDlg.cpp
         Generating Code...
       Link:
         C:\Program Files (x86)\Microsoft Visual Studio 12.0\VC\bin\link.exe /ERRORREPORT:PROMPT /OUT:"C:\Projects\BaseballCatcher\Debug\BaseballCatcher.exe" /INCREMENTAL /NOLOGO /LIBPATH:"C:\Program Files\OpenCV 3.0\build\x64\vc12\lib" /LIBPATH:"C:\Program Files\Point Grey Research\FlyCapture2\lib64" opencv_world300d.lib FlyCapture2.lib /MANIFEST /MANIFESTUAC:"level='asInvoker' uiAccess='false'" /manifest:embed /manifestinput:"C:\Program Files (x86)\Microsoft Visual Studio 12.0\VC\Include\Manifest\dpiaware.manifest" /DEBUG /PDB:"C:\Projects\BaseballCatcher\Debug\BaseballCatcher.pdb" /SUBSYSTEM:WINDOWS /TLBID:1 /ENTRY:"wWinMainCRTStartup" /DYNAMICBASE /NXCOMPAT /IMPLIB:"C:\Projects\BaseballCatcher\Debug\BaseballCatcher.lib" /MACHINE:X86 Debug\BaseballCatcher.res
         Debug\BaseballCatcher.obj
         Debug\BaseballCatcherDlg.obj
         Debug\HardWare.obj
         Debug\RoboteqDevice.obj
         Debug\RoboteqWrapper.obj
         Debug\stdafx.obj
     1>HardWare.obj : error LNK2019: unresolved external symbol "void __cdecl cv::fastFree(void *)" (?fastFree@cv@@YAXPAX@Z) referenced in function "public: __thiscall cv::Mat::~Mat(void)" (??1Mat@cv@@QAE@XZ)
     1>HardWare.obj : error LNK2019: unresolved external symbol "private: char * __thiscall cv::String::allocate(unsigned int)" (?allocate@String@cv@@AAEPADI@Z) referenced in function "public: __thiscall cv::String::String(char const *)" (??0String@cv@@QAE@PBD@Z)
     1>HardWare.obj : error LNK2019: unresolved external symbol "private: void __thiscall cv::String::deallocate(void)" (?deallocate@String@cv@@AAEXXZ) referenced in function "public: __thiscall cv::String::~String(void)" (??1String@cv@@QAE@XZ)
     1>HardWare.obj : error LNK2019: unresolved external symbol "public: __thiscall cv::Mat::Mat(class cv::Mat const &,class cv::Rect_<int> const &)" (??0Mat@cv@@QAE@ABV01@ABV?$Rect_@H@1@@Z) referenced in function "public: class cv::Mat __thiscall cv::Mat::operator()(class cv::Rect_<int> const &)const " (??RMat@cv@@QBE?AV01@ABV?$Rect_@H@1@@Z)
     1>HardWare.obj : error LNK2019: unresolved external symbol "public: class cv::Mat & __thiscall cv::Mat::operator=(class cv::Scalar_<double> const &)" (??4Mat@cv@@QAEAAV01@ABV?$Scalar_@N@1@@Z) referenced in function "protected: void __thiscall CTCSys::QSSysInit(void)" (?QSSysInit@CTCSys@@IAEXXZ)
     1>HardWare.obj : error LNK2019: unresolved external symbol "public: void __thiscall cv::Mat::create(int,int const *,int)" (?create@Mat@cv@@QAEXHPBHH@Z) referenced in function "public: void __thiscall cv::Mat::create(int,int,int)" (?create@Mat@cv@@QAEXHHH@Z)
     1>HardWare.obj : error LNK2019: unresolved external symbol "public: void __thiscall cv::Mat::deallocate(void)" (?deallocate@Mat@cv@@QAEXXZ) referenced in function "public: void __thiscall cv::Mat::release(void)" (?release@Mat@cv@@QAEXXZ)
     1>HardWare.obj : error LNK2019: unresolved external symbol "public: void __thiscall cv::Mat::copySize(class cv::Mat const &)" (?copySize@Mat@cv@@QAEXABV12@@Z) referenced in function "public: class cv::Mat & __thiscall cv::Mat::operator=(class cv::Mat const &)" (??4Mat@cv@@QAEAAV01@ABV01@@Z)
     1>HardWare.obj : error LNK2019: unresolved external symbol "void __cdecl cv::merge(class cv::Mat const *,unsigned int,class cv::_OutputArray const &)" (?merge@cv@@YAXPBVMat@1@IABV_OutputArray@1@@Z) referenced in function "long __cdecl QSProcessThreadFunc(class CTCSys *)" (?QSProcessThreadFunc@@YAJPAVCTCSys@@@Z)
     1>HardWare.obj : error LNK2019: unresolved external symbol "void __cdecl cv::Canny(class cv::_InputArray const &,class cv::_OutputArray const &,double,double,int,bool)" (?Canny@cv@@YAXABV_InputArray@1@ABV_OutputArray@1@NNH_N@Z) referenced in function "long __cdecl QSProcessThreadFunc(class CTCSys *)" (?QSProcessThreadFunc@@YAJPAVCTCSys@@@Z)
     1>HardWare.obj : error LNK2019: unresolved external symbol "void __cdecl cv::putText(class cv::_InputOutputArray const &,class cv::String const &,class cv::Point_<int>,int,double,class cv::Scalar_<double>,int,int,bool)" (?putText@cv@@YAXABV_InputOutputArray@1@ABVString@1@V?$Point_@H@1@HNV?$Scalar_@N@1@HH_N@Z) referenced in function "long __cdecl QSProcessThreadFunc(class CTCSys *)" (?QSProcessThreadFunc@@YAJPAVCTCSys@@@Z)
     1>C:\Projects\BaseballCatcher\Debug\BaseballCatcher.exe : fatal error LNK1120: 11 unresolved externals
     1>Done Building Project "C:\Projects\BaseballCatcher\BaseballCatcher.vcxproj" (Build target(s)) -- FAILED.

Build FAILED.

Time Elapsed 00:00:02.71
